-------------------------------------------------------------------------------
Test set: com.Sydenyopera.test.TestRunWebSuite
-------------------------------------------------------------------------------
Tests run: 18, Failures: 0, Errors: 2, Skipped: 15, Time elapsed: 120.753 sec <<< FAILURE!
Then user Select a  month "<month>" and  date "29"(| AUGUST | 29 | gmalik4@sapient.com | secret11 | Jørn Utzon | 41111111111111111 | 03/2020 | 123 |)  Time elapsed: 0.008 sec  <<< ERROR!
org.openqa.selenium.TimeoutException: Timed out after 100 seconds waiting for visibility of Proxy element for: org.openqa.selenium.support.pagefactory.DefaultElementLocator@20d11153
Build info: version: '2.53.1', revision: 'a36b8b1cd5757287168e54b817830adce9b0158d', time: '2016-06-30 19:26:09'
System info: host: 'delaasgh231199', ip: '10.202.60.205', os.name: 'Windows 7', os.arch: 'amd64', os.version: '6.1', java.version: '1.8.0_101'
Driver info: driver.version: unknown
	at <anonymous class>.FirefoxDriver.annotateInvalidSelectorError_(file:///C:/Users/aasgh2/AppData/Local/Temp/anonymous9005607609917230851webdriver-profile/extensions/fxdriver@googlecode.com/components/driver-component.js:10744)
	at <anonymous class>.FirefoxDriver.prototype.findElementInternal_(file:///C:/Users/aasgh2/AppData/Local/Temp/anonymous9005607609917230851webdriver-profile/extensions/fxdriver@googlecode.com/components/driver-component.js:10775)
	at <anonymous class>.FirefoxDriver.prototype.findElement(file:///C:/Users/aasgh2/AppData/Local/Temp/anonymous9005607609917230851webdriver-profile/extensions/fxdriver@googlecode.com/components/driver-component.js:10779)
	at <anonymous class>.DelayedCommand.prototype.executeInternal_/h(file:///C:/Users/aasgh2/AppData/Local/Temp/anonymous9005607609917230851webdriver-profile/extensions/fxdriver@googlecode.com/components/command-processor.js:12661)
	at <anonymous class>.DelayedCommand.prototype.executeInternal_(file:///C:/Users/aasgh2/AppData/Local/Temp/anonymous9005607609917230851webdriver-profile/extensions/fxdriver@googlecode.com/components/command-processor.js:12666)
	at <anonymous class>.DelayedCommand.prototype.execute/<(file:///C:/Users/aasgh2/AppData/Local/Temp/anonymous9005607609917230851webdriver-profile/extensions/fxdriver@googlecode.com/components/command-processor.js:12608)

| AUGUST | 29 | gmalik4@sapient.com | secret11 | Jørn Utzon | 41111111111111111 | 03/2020 | 123 |  Time elapsed: 0.008 sec  <<< ERROR!
org.openqa.selenium.TimeoutException: Timed out after 100 seconds waiting for visibility of Proxy element for: org.openqa.selenium.support.pagefactory.DefaultElementLocator@20d11153
Build info: version: '2.53.1', revision: 'a36b8b1cd5757287168e54b817830adce9b0158d', time: '2016-06-30 19:26:09'
System info: host: 'delaasgh231199', ip: '10.202.60.205', os.name: 'Windows 7', os.arch: 'amd64', os.version: '6.1', java.version: '1.8.0_101'
Driver info: driver.version: unknown
	at <anonymous class>.FirefoxDriver.annotateInvalidSelectorError_(file:///C:/Users/aasgh2/AppData/Local/Temp/anonymous9005607609917230851webdriver-profile/extensions/fxdriver@googlecode.com/components/driver-component.js:10744)
	at <anonymous class>.FirefoxDriver.prototype.findElementInternal_(file:///C:/Users/aasgh2/AppData/Local/Temp/anonymous9005607609917230851webdriver-profile/extensions/fxdriver@googlecode.com/components/driver-component.js:10775)
	at <anonymous class>.FirefoxDriver.prototype.findElement(file:///C:/Users/aasgh2/AppData/Local/Temp/anonymous9005607609917230851webdriver-profile/extensions/fxdriver@googlecode.com/components/driver-component.js:10779)
	at <anonymous class>.DelayedCommand.prototype.executeInternal_/h(file:///C:/Users/aasgh2/AppData/Local/Temp/anonymous9005607609917230851webdriver-profile/extensions/fxdriver@googlecode.com/components/command-processor.js:12661)
	at <anonymous class>.DelayedCommand.prototype.executeInternal_(file:///C:/Users/aasgh2/AppData/Local/Temp/anonymous9005607609917230851webdriver-profile/extensions/fxdriver@googlecode.com/components/command-processor.js:12666)
	at <anonymous class>.DelayedCommand.prototype.execute/<(file:///C:/Users/aasgh2/AppData/Local/Temp/anonymous9005607609917230851webdriver-profile/extensions/fxdriver@googlecode.com/components/command-processor.js:12608)

