<?xml version="1.0" encoding="UTF-8"?>
<testsuite name="com.Sydenyopera.test.TestRunWebSuite" time="0.017" tests="18" errors="2" skipped="15" failures="0">
  <properties>
[...]
</properties>
  <testcase name="Given user is at tour calender page" classname="| AUGUST | 29 | gmalik4@sapient.com | secret11 | Jørn Utzon | 41111111111111111 | 03/2020 | 123 |" time="0.001"/>
  <testcase name="Then user Select a  month &quot;&lt;month&gt;&quot; and  date &quot;29&quot;" classname="| AUGUST | 29 | gmalik4@sapient.com | secret11 | Jørn Utzon | 41111111111111111 | 03/2020 | 123 |" time="0.008">
    <error message="Timed out after 100 seconds waiting for visibility of Proxy element for: org.openqa.selenium.support.pagefactory.DefaultElementLocator@20d11153&#10;Build info: version: &apos;2.53.1&apos;, revision: &apos;a36b8b1cd5757287168e54b817830adce9b0158d&apos;, time: &apos;2016-06-30 19:26:09&apos;&#10;System info: host: &apos;delaasgh231199&apos;, ip: &apos;10.202.60.205&apos;, os.name: &apos;Windows 7&apos;, os.arch: &apos;amd64&apos;, os.version: &apos;6.1&apos;, java.version: &apos;1.8.0_101&apos;&#10;Driver info: driver.version: unknown" type="org.openqa.selenium.TimeoutException"><![CDATA[org.openqa.selenium.TimeoutException: Timed out after 100 seconds waiting for visibility of Proxy element for: org.openqa.selenium.support.pagefactory.DefaultElementLocator@20d11153
Build info: version: '2.53.1', revision: 'a36b8b1cd5757287168e54b817830adce9b0158d', time: '2016-06-30 19:26:09'
System info: host: 'delaasgh231199', ip: '10.202.60.205', os.name: 'Windows 7', os.arch: 'amd64', os.version: '6.1', java.version: '1.8.0_101'
Driver info: driver.version: unknown
	at <anonymous class>.FirefoxDriver.annotateInvalidSelectorError_(file:///C:/Users/aasgh2/AppData/Local/Temp/anonymous9005607609917230851webdriver-profile/extensions/fxdriver@googlecode.com/components/driver-component.js:10744)
	at <anonymous class>.FirefoxDriver.prototype.findElementInternal_(file:///C:/Users/aasgh2/AppData/Local/Temp/anonymous9005607609917230851webdriver-profile/extensions/fxdriver@googlecode.com/components/driver-component.js:10775)
	at <anonymous class>.FirefoxDriver.prototype.findElement(file:///C:/Users/aasgh2/AppData/Local/Temp/anonymous9005607609917230851webdriver-profile/extensions/fxdriver@googlecode.com/components/driver-component.js:10779)
	at <anonymous class>.DelayedCommand.prototype.executeInternal_/h(file:///C:/Users/aasgh2/AppData/Local/Temp/anonymous9005607609917230851webdriver-profile/extensions/fxdriver@googlecode.com/components/command-processor.js:12661)
	at <anonymous class>.DelayedCommand.prototype.executeInternal_(file:///C:/Users/aasgh2/AppData/Local/Temp/anonymous9005607609917230851webdriver-profile/extensions/fxdriver@googlecode.com/components/command-processor.js:12666)
	at <anonymous class>.DelayedCommand.prototype.execute/<(file:///C:/Users/aasgh2/AppData/Local/Temp/anonymous9005607609917230851webdriver-profile/extensions/fxdriver@googlecode.com/components/command-processor.js:12608)
]]></error>
  </testcase>
  <testcase name="| AUGUST | 29 | gmalik4@sapient.com | secret11 | Jørn Utzon | 41111111111111111 | 03/2020 | 123 |" classname="| AUGUST | 29 | gmalik4@sapient.com | secret11 | Jørn Utzon | 41111111111111111 | 03/2020 | 123 |" time="0.008">
    <error message="Timed out after 100 seconds waiting for visibility of Proxy element for: org.openqa.selenium.support.pagefactory.DefaultElementLocator@20d11153&#10;Build info: version: &apos;2.53.1&apos;, revision: &apos;a36b8b1cd5757287168e54b817830adce9b0158d&apos;, time: &apos;2016-06-30 19:26:09&apos;&#10;System info: host: &apos;delaasgh231199&apos;, ip: &apos;10.202.60.205&apos;, os.name: &apos;Windows 7&apos;, os.arch: &apos;amd64&apos;, os.version: &apos;6.1&apos;, java.version: &apos;1.8.0_101&apos;&#10;Driver info: driver.version: unknown" type="org.openqa.selenium.TimeoutException"><![CDATA[org.openqa.selenium.TimeoutException: Timed out after 100 seconds waiting for visibility of Proxy element for: org.openqa.selenium.support.pagefactory.DefaultElementLocator@20d11153
Build info: version: '2.53.1', revision: 'a36b8b1cd5757287168e54b817830adce9b0158d', time: '2016-06-30 19:26:09'
System info: host: 'delaasgh231199', ip: '10.202.60.205', os.name: 'Windows 7', os.arch: 'amd64', os.version: '6.1', java.version: '1.8.0_101'
Driver info: driver.version: unknown
	at <anonymous class>.FirefoxDriver.annotateInvalidSelectorError_(file:///C:/Users/aasgh2/AppData/Local/Temp/anonymous9005607609917230851webdriver-profile/extensions/fxdriver@googlecode.com/components/driver-component.js:10744)
	at <anonymous class>.FirefoxDriver.prototype.findElementInternal_(file:///C:/Users/aasgh2/AppData/Local/Temp/anonymous9005607609917230851webdriver-profile/extensions/fxdriver@googlecode.com/components/driver-component.js:10775)
	at <anonymous class>.FirefoxDriver.prototype.findElement(file:///C:/Users/aasgh2/AppData/Local/Temp/anonymous9005607609917230851webdriver-profile/extensions/fxdriver@googlecode.com/components/driver-component.js:10779)
	at <anonymous class>.DelayedCommand.prototype.executeInternal_/h(file:///C:/Users/aasgh2/AppData/Local/Temp/anonymous9005607609917230851webdriver-profile/extensions/fxdriver@googlecode.com/components/command-processor.js:12661)
	at <anonymous class>.DelayedCommand.prototype.executeInternal_(file:///C:/Users/aasgh2/AppData/Local/Temp/anonymous9005607609917230851webdriver-profile/extensions/fxdriver@googlecode.com/components/command-processor.js:12666)
	at <anonymous class>.DelayedCommand.prototype.execute/<(file:///C:/Users/aasgh2/AppData/Local/Temp/anonymous9005607609917230851webdriver-profile/extensions/fxdriver@googlecode.com/components/command-processor.js:12608)
]]></error>
  </testcase>
  <testcase name="And user navigate to tours-and-experiences page" classname="| AUGUST | 29 | gmalik4@sapient.com | secret11 | Jørn Utzon | 41111111111111111 | 03/2020 | 123 |" time="0">
    <skipped/>
  </testcase>
  <testcase name="Then user select tickets from tours list" classname="| AUGUST | 29 | gmalik4@sapient.com | secret11 | Jørn Utzon | 41111111111111111 | 03/2020 | 123 |" time="0">
    <skipped/>
  </testcase>
  <testcase name="And user click on add to cart" classname="| AUGUST | 29 | gmalik4@sapient.com | secret11 | Jørn Utzon | 41111111111111111 | 03/2020 | 123 |" time="0">
    <skipped/>
  </testcase>
  <testcase name="Given user is at  Checkout page" classname="| AUGUST | 29 | gmalik4@sapient.com | secret11 | Jørn Utzon | 41111111111111111 | 03/2020 | 123 |" time="0">
    <skipped/>
  </testcase>
  <testcase name="When user click on Sign-in button" classname="| AUGUST | 29 | gmalik4@sapient.com | secret11 | Jørn Utzon | 41111111111111111 | 03/2020 | 123 |" time="0">
    <skipped/>
  </testcase>
  <testcase name="Then user enter  username &quot;gmalik4@sapient.com&quot; and enter password &quot;secret11&quot; and click on signin button" classname="| AUGUST | 29 | gmalik4@sapient.com | secret11 | Jørn Utzon | 41111111111111111 | 03/2020 | 123 |" time="0">
    <skipped/>
  </testcase>
  <testcase name="And then user come to payement  section" classname="| AUGUST | 29 | gmalik4@sapient.com | secret11 | Jørn Utzon | 41111111111111111 | 03/2020 | 123 |" time="0">
    <skipped/>
  </testcase>
  <testcase name="Given user enter cardholder name in Card holder section &quot;Jørn Utzon&quot;" classname="| AUGUST | 29 | gmalik4@sapient.com | secret11 | Jørn Utzon | 41111111111111111 | 03/2020 | 123 |" time="0">
    <skipped/>
  </testcase>
  <testcase name="Given user enter cardnumber in cardnumber section &quot;41111111111111111&quot;" classname="| AUGUST | 29 | gmalik4@sapient.com | secret11 | Jørn Utzon | 41111111111111111 | 03/2020 | 123 |" time="0">
    <skipped/>
  </testcase>
  <testcase name="Given user enter expirydate in expirydate section &quot;29&quot;" classname="| AUGUST | 29 | gmalik4@sapient.com | secret11 | Jørn Utzon | 41111111111111111 | 03/2020 | 123 |" time="0">
    <skipped/>
  </testcase>
  <testcase name="Given user enter security code in cvv section &quot;123&quot;" classname="| AUGUST | 29 | gmalik4@sapient.com | secret11 | Jørn Utzon | 41111111111111111 | 03/2020 | 123 |" time="0">
    <skipped/>
  </testcase>
  <testcase name="Then user click on payment button" classname="| AUGUST | 29 | gmalik4@sapient.com | secret11 | Jørn Utzon | 41111111111111111 | 03/2020 | 123 |" time="0">
    <skipped/>
  </testcase>
  <testcase name="Given user enter cardholder name in Card holder section &quot;Jørn Utzon&quot;" classname="| AUGUST | 29 | gmalik4@sapient.com | secret11 | Jørn Utzon | 41111111111111111 | 03/2020 | 123 |" time="0">
    <skipped/>
  </testcase>
  <testcase name="Then user click on payment button" classname="| AUGUST | 29 | gmalik4@sapient.com | secret11 | Jørn Utzon | 41111111111111111 | 03/2020 | 123 |" time="0">
    <skipped/>
  </testcase>
  <testcase name="Then user navigate to order confirmation page" classname="| AUGUST | 29 | gmalik4@sapient.com | secret11 | Jørn Utzon | 41111111111111111 | 03/2020 | 123 |" time="0">
    <skipped/>
  </testcase>
</testsuite>